<?xml version="1.0" encoding="UTF-8"?>
<!-- Generated by org.testng.reporters.JUnitXMLReporter -->
<testsuite ignored="0" hostname="LAPTOP-F0EEAV3M" failures="0" tests="4" name="TestNG" time="40.059" errors="0" timestamp="2021-06-09T17:59:22 EDT">
  <testcase classname="testLayer.LoginTest" name="Title" time="0.01"/>
  <testcase classname="testLayer.LoginTest" name="Login" time="3.051"/>
  <testcase classname="testLayer.LoginTest" name="Login" time="3.041"/>
  <testcase classname="testLayer.LoginTest" name="Login" time="3.044"/>
</testsuite> <!-- TestNG -->
