<?xml version="1.0" encoding="UTF-8"?>
<!-- Generated by org.testng.reporters.JUnitXMLReporter -->
<testsuite ignored="0" hostname="LAPTOP-F0EEAV3M" failures="0" tests="4" name="Default test" time="40.031" errors="0" timestamp="2021-06-09T17:30:24 EDT">
  <testcase classname="testLayer.LoginTest" name="Title" time="0.009"/>
  <testcase classname="testLayer.LoginTest" name="Login" time="3.056"/>
  <testcase classname="testLayer.LoginTest" name="Login" time="3.056"/>
  <testcase classname="testLayer.LoginTest" name="Login" time="3.043"/>
</testsuite> <!-- Default test -->
