<?xml version="1.0" encoding="UTF-8"?>
<testng-results ignored="0" total="4" passed="4" failed="0" skipped="0">
  <reporter-output>
  </reporter-output>
  <suite started-at="2021-06-09T17:58:42 EDT" name="OrangeHRM" finished-at="2021-06-09T17:59:22 EDT" duration-ms="40059">
    <groups>
    </groups>
    <test started-at="2021-06-09T17:58:42 EDT" name="TestNG" finished-at="2021-06-09T17:59:22 EDT" duration-ms="40059">
      <class name="testLayer.LoginTest">
        <test-method is-config="true" signature="initsetup()[pri:0, instance:testLayer.LoginTest@50eac852]" started-at="2021-06-09T17:58:42 EDT" name="initsetup" finished-at="2021-06-09T17:58:49 EDT" duration-ms="7203" status="PASS">
          <reporter-output>
          </reporter-output>
        </test-method> <!-- initsetup -->
        <test-method signature="Title()[pri:1, instance:testLayer.LoginTest@50eac852]" started-at="2021-06-09T17:58:49 EDT" name="Title" finished-at="2021-06-09T17:58:49 EDT" duration-ms="10" status="PASS">
          <reporter-output>
          </reporter-output>
        </test-method> <!-- Title -->
        <test-method is-config="true" signature="close()[pri:0, instance:testLayer.LoginTest@50eac852]" started-at="2021-06-09T17:58:49 EDT" name="close" finished-at="2021-06-09T17:58:50 EDT" duration-ms="910" status="PASS">
          <reporter-output>
          </reporter-output>
        </test-method> <!-- close -->
        <test-method is-config="true" signature="initsetup()[pri:0, instance:testLayer.LoginTest@50eac852]" started-at="2021-06-09T17:58:50 EDT" name="initsetup" finished-at="2021-06-09T17:58:57 EDT" duration-ms="6488" status="PASS">
          <reporter-output>
          </reporter-output>
        </test-method> <!-- initsetup -->
        <test-method signature="Login(java.lang.String,java.lang.String)[pri:2, instance:testLayer.LoginTest@50eac852]" started-at="2021-06-09T17:58:57 EDT" name="Login" data-provider="Details" finished-at="2021-06-09T17:59:00 EDT" duration-ms="3051" status="PASS">
          <params>
            <param index="0">
              <value>
                <![CDATA[Admin]]>
              </value>
            </param>
            <param index="1">
              <value>
                <![CDATA[admin123]]>
              </value>
            </param>
          </params>
          <reporter-output>
          </reporter-output>
        </test-method> <!-- Login -->
        <test-method is-config="true" signature="close()[pri:0, instance:testLayer.LoginTest@50eac852]" started-at="2021-06-09T17:59:00 EDT" name="close" finished-at="2021-06-09T17:59:01 EDT" duration-ms="719" status="PASS">
          <reporter-output>
          </reporter-output>
        </test-method> <!-- close -->
        <test-method is-config="true" signature="initsetup()[pri:0, instance:testLayer.LoginTest@50eac852]" started-at="2021-06-09T17:59:01 EDT" name="initsetup" finished-at="2021-06-09T17:59:07 EDT" duration-ms="6691" status="PASS">
          <reporter-output>
          </reporter-output>
        </test-method> <!-- initsetup -->
        <test-method signature="Login(java.lang.String,java.lang.String)[pri:2, instance:testLayer.LoginTest@50eac852]" started-at="2021-06-09T17:59:07 EDT" name="Login" data-provider="Details" finished-at="2021-06-09T17:59:10 EDT" duration-ms="3041" status="PASS">
          <params>
            <param index="0">
              <value>
                <![CDATA[Admin]]>
              </value>
            </param>
            <param index="1">
              <value>
                <![CDATA[abcd]]>
              </value>
            </param>
          </params>
          <reporter-output>
          </reporter-output>
        </test-method> <!-- Login -->
        <test-method is-config="true" signature="close()[pri:0, instance:testLayer.LoginTest@50eac852]" started-at="2021-06-09T17:59:10 EDT" name="close" finished-at="2021-06-09T17:59:11 EDT" duration-ms="827" status="PASS">
          <reporter-output>
          </reporter-output>
        </test-method> <!-- close -->
        <test-method is-config="true" signature="initsetup()[pri:0, instance:testLayer.LoginTest@50eac852]" started-at="2021-06-09T17:59:11 EDT" name="initsetup" finished-at="2021-06-09T17:59:18 EDT" duration-ms="6741" status="PASS">
          <reporter-output>
          </reporter-output>
        </test-method> <!-- initsetup -->
        <test-method signature="Login(java.lang.String,java.lang.String)[pri:2, instance:testLayer.LoginTest@50eac852]" started-at="2021-06-09T17:59:18 EDT" name="Login" data-provider="Details" finished-at="2021-06-09T17:59:21 EDT" duration-ms="3044" status="PASS">
          <params>
            <param index="0">
              <value>
                <![CDATA[scott]]>
              </value>
            </param>
            <param index="1">
              <value>
                <![CDATA[xyz]]>
              </value>
            </param>
          </params>
          <reporter-output>
          </reporter-output>
        </test-method> <!-- Login -->
        <test-method is-config="true" signature="close()[pri:0, instance:testLayer.LoginTest@50eac852]" started-at="2021-06-09T17:59:21 EDT" name="close" finished-at="2021-06-09T17:59:22 EDT" duration-ms="667" status="PASS">
          <reporter-output>
          </reporter-output>
        </test-method> <!-- close -->
      </class> <!-- testLayer.LoginTest -->
    </test> <!-- TestNG -->
  </suite> <!-- OrangeHRM -->
</testng-results>
